# Logfile created on 2011-02-09 23:11:42 +0100 by logger.rb/25413
>|2011-02-09 23:39:03|0.001070|picky                                             |       1|   0| 1|
>|2011-02-09 23:39:17|0.001133|picky 0.0.1                                       |       1|   0| 1|
>|2011-02-09 23:39:22|0.000284|picky 1.0.1                                       |       1|   0| 1|
>|2011-02-09 23:39:25|0.000200|picky 2.0.1                                       |       1|   0| 1|
>|2011-02-09 23:39:28|0.000180|picky 3.0.1                                       |       1|   0| 1|
>|2011-02-09 23:47:38|0.001197|picky 3.0.1                                       |       0|   0| 1|
>|2011-02-09 23:47:41|0.001263|picky 1.0.1                                       |       0|   0| 1|
>|2011-02-09 23:47:43|0.000472|picky 1.0.0                                       |       2|   0| 1|
>|2011-02-09 23:47:52|0.000181|parslet                                           |       7|   0| 1|
>|2011-02-09 23:48:06|0.000221|1.0.0                                             |    2785|   0| 1|
>|2011-02-09 23:48:27|0.000870|parsley~                                          |      11|   0| 2|
>|2011-02-09 23:50:44|0.000234|kaspar                                            |      37|   0| 1|
>|2011-02-09 23:50:52|0.000247|kaspar parslet                                    |       7|   0| 1|
>|2011-02-09 23:50:56|0.000901|kaspar parsley~                                   |       7|   0| 2|
>|2011-02-09 23:50:57|0.000355|kaspar parsley~                                   |       7|   0| 2|
>|2011-02-09 23:50:58|0.000295|kaspar parsley~                                   |       7|   0| 2|
>|2011-02-09 23:50:59|0.000401|kaspar parsley~                                   |       7|   0| 2|
>|2011-02-09 23:51:02|0.000308|kaspar parsley~                                   |       7|   0| 2|
>|2011-02-09 23:52:05|0.000689|florian peeky~                                    |       0|   0| 3|
>|2011-02-09 23:52:09|0.000426|florian pecky~                                    |       0|   0| 3|
>|2011-02-09 23:52:13|0.000672|florian picky~                                    |       0|   0| 3|
>|2011-02-09 23:52:16|0.000494|florian peecky~                                   |       0|   0| 3|
>|2011-02-09 23:52:19|0.000427|florian pocky~                                    |       0|   0| 3|
>|2011-02-09 23:52:21|0.000245|florian                                           |     454|   0| 1|
>|2011-02-09 23:52:25|0.000269|florian hanke                                     |     207|   0| 1|
>|2011-02-09 23:52:34|0.000340|florian hanke picky                               |     127|   0| 1|
>|2011-02-09 23:52:45|0.000547|florian hanke picki~                              |       0|   0| 3|
>|2011-02-09 23:52:47|0.000470|florian hanke picke~                              |       0|   0| 3|
>|2011-02-09 23:52:49|0.000350|florian hanke pickee~                             |       0|   0| 3|
>|2011-02-09 23:52:53|0.000696|florian hanke puckee~                             |       0|   0| 3|
>|2011-02-09 23:52:58|0.000348|florian hanke peekee~                             |       0|   0| 3|
>|2011-02-09 23:53:02|0.000685|florian hanke phonee~                             |       0|   0| 3|
>|2011-02-09 23:53:04|0.000361|florian hanke phoni~                              |       0|   0| 3|
>|2011-02-09 23:53:06|0.000554|florian hanke phony~                              |       0|   0| 3|
>|2011-02-09 23:53:07|0.000310|florian hanke phony                               |      22|   0| 1|
>|2011-02-09 23:53:10|0.000304|florian hanke phoney                              |       0|   0| 1|
>|2011-02-09 23:53:11|0.000315|florian hanke phoney~                             |       0|   0| 3|
>|2011-02-09 23:53:17|0.000676|florian hanke phuny~                              |       0|   0| 3|
>|2011-02-09 23:53:20|0.000448|florian hanke phony~                              |       0|   0| 3|
>|2011-02-09 23:53:23|0.000558|florian hanke ph                                  |      22|   0| 2|
>|2011-02-09 23:53:25|0.000321|florian hanke pho                                 |      22|   0| 2|
>|2011-02-09 23:53:28|0.000372|florian hanke pho                                 |      22|   0| 2|
>|2011-02-09 23:53:29|0.000497|florian hanke phon                                |      22|   0| 2|
>|2011-02-09 23:53:33|0.000195|florian hanke phony                               |      22|   0| 1|
>|2011-02-09 23:53:39|0.000204|florian hanke phony                               |      22|   0| 1|
>|2011-02-09 23:55:24|0.000266|florian hanke phony                               |      22|   0| 1|
>|2011-02-09 23:55:29|0.000165|florian phony                                     |      22|   0| 1|
>|2011-02-09 23:55:34|0.000171|florian phony                                     |      22|   0| 1|
>|2011-02-09 23:55:37|0.000181|florian phony                                     |      22|   0| 1|
>|2011-02-09 23:55:47|0.000277|fl                                                |    1669|   0| 2|
>|2011-02-09 23:55:53|0.000484|f                                                 |   10726|   0| 2|
>|2011-02-09 23:55:56|0.000307|flo                                               |     596|   0| 2|
>|2011-02-09 23:55:58|0.000091|dhh                                               |       0|   0| 0|
>|2011-02-09 23:56:05|0.000179|heinemeier                                        |     396|   0| 1|
>|2011-02-09 23:56:09|0.000172|hansson                                           |     400|   0| 1|
>|2011-02-09 23:56:12|0.000180|hansson~                                          |       0|   0| 0|
>|2011-02-09 23:56:14|0.000271|hanson~                                           |       0|   0| 0|
>|2011-02-09 23:56:17|0.000182|hahnsson~                                         |       0|   0| 0|
>|2011-02-09 23:56:20|0.000132|huhnsson~                                         |       0|   0| 0|
>|2011-02-09 23:58:33|0.001853|hahnsson~                                         |     140|   0| 3|
>|2011-02-09 23:58:43|0.000195|heynemeyer                                        |       0|   0| 0|
>|2011-02-09 23:58:45|0.002433|heynemeyer~                                       |     415|   0| 2|
>|2011-02-09 23:58:52|0.000791|heynemeyer~ rails                                 |      78|   0| 4|
>|2011-02-10 00:00:18|0.001129|heynemeyer~ rails                                 |      78|   0| 4|
>|2011-02-10 00:00:20|0.000257|heynemeyer~ reils                                 |       0|   0| 0|
>|2011-02-10 00:00:23|0.001565|heynemeyer~ reils~                                |     128|   0| 8|
>|2011-02-10 00:00:40|0.000181|hanke                                             |     207|   0| 1|
>|2011-02-10 00:00:45|0.000370|hanke florian                                     |     207|   0| 1|
>|2011-02-10 00:06:58|0.000257|hanke florian                                     |     207|   0| 1|
>|2011-02-10 00:07:02|0.000223|dittmann                                          |      34|   0| 1|
>|2011-02-10 00:07:07|0.000283|dittmann niko                                     |      34|   0| 1|
>|2011-02-10 00:07:14|0.000440|dittmann niko 1.0.0                               |       0|   0| 1|
>|2011-02-10 00:07:18|0.000610|dittmann niko 0.0.1                               |       5|   0| 1|
>|2011-02-10 00:07:24|0.001430|dittmann niko 0.0                                 |      19|   0| 1|
>|2011-02-10 00:07:26|0.000688|dittmann niko 0.0.1                               |       5|   0| 1|
>|2011-02-10 00:07:31|0.000853|dittmann niko 1.0                                 |       0|   0| 1|
>|2011-02-10 00:07:32|0.001316|dittmann niko 1.                                  |       6|   0| 2|
>|2011-02-10 00:07:40|0.000250|dittmann niko                                     |      34|   0| 1|
>|2011-02-10 00:07:50|0.000557|florian hanke 1.0.0                               |       4|   0| 1|
>|2011-02-10 00:08:06|0.000425|florian hanke 1.0.0                               |       4|   0| 1|
>|2011-02-10 00:08:08|0.000491|florian hanke 1.0.0                               |       4|   0| 1|
>|2011-02-10 00:08:11|0.000450|florian hanke 1.0.0                               |       4|   0| 1|
>|2011-02-10 07:45:20|0.000654|italy                                             |       0|   0| 0|
>|2011-02-10 07:45:22|0.003169|soc* p                                            |      18|   0| 4|
.|2011-02-10 07:45:23|0.000344|flo                                               |     596|   0| 2|
.|2011-02-10 07:45:23|0.000165|flo                                               |     596|   0| 2|
.|2011-02-10 07:45:24|0.001129|floria                                            |     454|   0| 1|
.|2011-02-10 07:45:24|0.000244|florian                                           |     454|   0| 1|
.|2011-02-10 07:45:25|0.000418|florian hanke                                     |     207|   0| 1|
>|2011-02-10 07:45:25|0.000543|florian hanke                                     |     207|   0| 1|
>|2011-02-10 07:46:26|0.000071|italy                                             |       0|   0| 0|
>|2011-02-10 07:46:29|0.000126|italy                                             |       0|   0| 0|
>|2011-02-10 07:46:30|0.001641|soc* p                                            |      18|   0| 4|
.|2011-02-10 07:46:34|0.000204|florian                                           |     454|   0| 1|
.|2011-02-10 07:46:34|0.001035|florian ha                                        |     215|   0| 2|
.|2011-02-10 07:46:34|0.000635|florian han                                       |     207|   0| 2|
.|2011-02-10 07:46:34|0.000736|florian han                                       |     207|   0| 2|
.|2011-02-10 07:46:35|0.000287|florian hanke                                     |     207|   0| 1|
>|2011-02-10 07:46:36|0.000292|florian hanke                                     |     207|   0| 1|
.|2011-02-10 07:46:41|0.000428|se                                                |    4390|   0| 2|
.|2011-02-10 07:46:42|0.000216|severin                                           |      15|   0| 1|
.|2011-02-10 07:46:42|0.000350|severin sch                                       |      13|   0| 2|
.|2011-02-10 07:46:42|0.000525|severin scho                                      |      13|   0| 2|
.|2011-02-10 07:46:43|0.000218|severin schoepk                                   |      13|   0| 1|
>|2011-02-10 07:46:43|0.000220|severin schoepke                                  |      13|   0| 1|
>|2011-02-10 07:47:29|0.000075|italy                                             |       0|   0| 0|
>|2011-02-10 07:47:30|0.000075|italy                                             |       0|   0| 0|
>|2011-02-10 07:47:31|0.000258|sp                                                |    2375|   0| 2|
>|2011-02-10 07:47:33|0.000164|name:sp                                           |    1748|   0| 1|
.|2011-02-10 07:47:36|0.000317|spat                                              |      47|   0| 2|
.|2011-02-10 07:47:36|0.000180|spatial                                           |      19|   0| 1|
.|2011-02-10 07:47:37|0.000216|spatial                                           |      19|   0| 1|
>|2011-02-10 07:47:37|0.000159|spatial                                           |      19|   0| 1|
.|2011-02-10 07:47:39|0.000486|spatial ada                                       |       0|   0| 2|
.|2011-02-10 07:47:39|0.000354|spatial adap                                      |       0|   0| 2|
.|2011-02-10 07:47:40|0.000180|spatial adapter                                   |       0|   0| 1|
.|2011-02-10 07:47:40|0.000312|spatial adapter                                   |       0|   0| 1|
>|2011-02-10 07:47:40|0.000177|spatial adapter                                   |       0|   0| 1|
>|2011-02-10 07:48:21|0.000676|italy                                             |       0|   0| 0|
.|2011-02-10 07:48:22|0.001386|spa                                               |     301|   0| 2|
.|2011-02-10 07:48:23|0.000167|spatia                                            |      19|   0| 1|
.|2011-02-10 07:48:23|0.000692|spatial                                           |      19|   0| 1|
.|2011-02-10 07:48:23|0.000642|spatial ad                                        |       0|   0| 2|
.|2011-02-10 07:48:24|0.000384|spatial ada                                       |       0|   0| 2|
.|2011-02-10 07:48:24|0.000384|spatial adap                                      |       0|   0| 2|
>|2011-02-10 07:48:24|0.000236|spatial adapter                                   |       0|   0| 1|
.|2011-02-10 07:48:26|0.000146|spatial                                           |      19|   0| 1|
>|2011-02-10 07:48:26|0.000117|spatial                                           |      19|   0| 1|
>|2011-02-10 07:56:49|0.000625|italy                                             |       0|   0| 0|
>|2011-02-10 07:56:49|0.000686|italy                                             |       0|   0| 0|
>|2011-02-10 07:56:50|0.002590|soc* p                                            |      18|   0| 4|
.|2011-02-10 07:56:54|0.000938|so                                                |    1516|   0| 2|
.|2011-02-10 07:56:54|0.000283|soc                                               |     148|   0| 2|
.|2011-02-10 07:56:54|0.000213|sock                                              |      48|   0| 2|
.|2011-02-10 07:56:55|0.000182|socke                                             |      19|   0| 2|
.|2011-02-10 07:56:55|0.000137|socke                                             |      19|   0| 2|
.|2011-02-10 07:56:56|0.000124|socke                                             |      19|   0| 2|
.|2011-02-10 07:56:56|0.000296|socke                                             |      19|   0| 2|
.|2011-02-10 07:56:57|0.001513|socke~                                            |      78|   0| 6|
>|2011-02-10 07:56:57|0.001878|socke~                                            |      78|   0| 6|
>|2011-02-10 07:57:01|0.000371|name:socke~                                       |      39|   0| 3|
>|2011-02-10 07:57:02|0.000307|name:socke~                                       |      39|   0| 3|
.|2011-02-10 07:57:06|0.000166|flor                                              |     513|   0| 1|
.|2011-02-10 07:57:06|0.000253|florian                                           |     454|   0| 1|
.|2011-02-10 07:57:07|0.001249|florian h                                         |     216|   0| 2|
.|2011-02-10 07:57:07|0.000343|florian hanke                                     |     207|   0| 1|
>|2011-02-10 07:57:07|0.000369|florian hanke                                     |     207|   0| 1|
>|2011-02-10 07:57:11|0.000272|florian hanke                                     |     207|  20| 1|
>|2011-02-10 07:57:13|0.000244|florian hanke                                     |     207|  40| 1|
>|2011-02-10 07:57:16|0.000212|florian hanke                                     |     207|  60| 1|
.|2011-02-10 10:33:49|0.000205|kaspar                                            |      37|   0| 1|
>|2011-02-10 10:33:50|0.000214|kaspar schiess                                    |      37|   0| 1|
.|2011-02-10 10:34:00|0.000241|sch                                               |    1364|   0| 2|
.|2011-02-10 10:34:00|0.000166|schie                                             |      70|   0| 1|
.|2011-02-10 10:34:01|0.000168|schies                                            |      37|   0| 1|
.|2011-02-10 10:34:01|0.000171|schiess                                           |      37|   0| 1|
.|2011-02-10 10:34:03|0.000709|schiess par                                       |       7|   0| 2|
.|2011-02-10 10:34:03|0.000361|schiess pars                                      |       7|   0| 2|
.|2011-02-10 10:34:04|0.000225|schiess parsl                                     |       7|   0| 1|
.|2011-02-10 10:34:04|0.000163|schiess parsle                                    |       7|   0| 1|
.|2011-02-10 10:34:05|0.000111|schiess parslez                                   |       0|   0| 0|
.|2011-02-10 10:34:07|0.000382|par                                               |    1346|   0| 2|
.|2011-02-10 10:34:07|0.000217|pars                                              |     351|   0| 2|
.|2011-02-10 10:34:07|0.000179|parsley                                           |      19|   0| 1|
.|2011-02-10 10:34:07|0.000114|parsley                                           |      19|   0| 1|
.|2011-02-10 10:34:08|0.000476|parsley~                                          |      11|   0| 2|
>|2011-02-10 10:34:08|0.000252|parsley~                                          |      11|   0| 2|
>|2011-02-10 10:34:31|0.000461|title:lyterature~                                 |      12|   0| 2|
>|2011-02-10 10:34:33|0.002106|soc* p                                            |      18|   0| 4|
>|2011-02-10 10:34:35|0.000106|title:women                                       |       0|   0| 0|
>|2011-02-10 10:34:37|0.002051|soc* p                                            |      18|   0| 4|
.|2011-02-10 10:35:18|0.000401|1                                                 |   18037|   0| 2|
.|2011-02-10 10:35:19|0.000270|1.0.                                              |    7773|   0| 1|
.|2011-02-10 10:35:19|0.000307|1.0.0                                             |    2785|   0| 1|
>|2011-02-10 10:35:20|0.000265|1.0.0                                             |    2785|   0| 1|
.|2011-02-10 10:35:23|0.000161|1.0.0                                             |    2785|   0| 1|
.|2011-02-10 10:35:23|0.000782|1.0.0 par                                         |      32|   0| 2|
.|2011-02-10 10:35:23|0.000888|1.0.0 par                                         |      32|   0| 2|
>|2011-02-10 10:35:24|0.000704|1.0.0 par                                         |      32|   0| 2|
>|2011-02-10 10:35:27|0.000474|name:1.0.0 author:par                             |      15|   0| 1|
.|2011-02-10 10:35:33|0.000648|name:1.0.0 par                                    |      32|   0| 2|
>|2011-02-10 10:35:33|0.000911|name:1.0.0 par                                    |      32|   0| 2|
>|2011-02-10 10:35:35|0.000495|name:1.0.0 author:par                             |      15|   0| 1|
>|2011-02-10 10:35:47|0.000795|name:1.0.0 par                                    |      32|   0| 2|
.|2011-02-10 10:35:47|0.000632|name:1.0.0 par                                    |      32|   0| 2|
>|2011-02-10 10:35:49|0.000548|name:1.0.0 name:par                               |      17|   0| 1|
.|2011-02-10 10:36:01|0.000562|name:1.0.0 name:                                  |       6|   0| 2|
.|2011-02-10 10:36:02|0.000417|name:1.0.0 name:author                            |       3|   0| 1|
.|2011-02-10 10:36:02|0.000259|name:1.0.0 name:author                            |       3|   0| 1|
.|2011-02-10 10:36:03|0.000743|name:1.0.0 name:                                  |       6|   0| 2|
.|2011-02-10 10:36:04|0.000079|name:1.0.0 name:kaspar                            |       0|   0| 0|
>|2011-02-10 10:36:04|0.000092|name:1.0.0 name:kaspar                            |       0|   0| 0|
.|2011-02-10 10:37:19|0.000215|den                                               |     401|   0| 2|
.|2011-02-10 10:37:19|0.000230|dep                                               |     458|   0| 2|
.|2011-02-10 10:37:20|0.000159|dep                                               |     458|   0| 2|
.|2011-02-10 10:37:20|0.000178|depends                                           |       1|   0| 1|
.|2011-02-10 10:37:21|0.000136|depends                                           |       1|   0| 1|
.|2011-02-10 10:37:22|0.000097|dependson                                         |       0|   0| 0|
.|2011-02-10 10:37:22|0.000093|dependson                                         |       0|   0| 0|
.|2011-02-10 10:37:23|0.000100|depends                                           |       1|   0| 1|
.|2011-02-10 10:37:24|0.000141|depends:                                          |       1|   0| 1|
.|2011-02-10 10:37:25|0.000184|depends:par                                       |    1346|   0| 2|
.|2011-02-10 10:37:25|0.000183|depends:par                                       |    1346|   0| 2|
.|2011-02-10 10:37:26|0.000188|depends:parslet                                   |       7|   0| 1|
>|2011-02-10 10:37:26|0.000143|depends:parslet                                   |       7|   0| 1|
.|2011-02-10 10:37:51|0.000102|used:parslet                                      |       7|   0| 1|
.|2011-02-10 10:37:51|0.000140|used:parslet                                      |       7|   0| 1|
.|2011-02-10 10:37:51|0.000119|uses:parslet                                      |       7|   0| 1|
