Loaded picky with environment 'development' in /Users/admin/temp/rubygems_picky on Ruby 1.9.2.
Application PickySearch loaded.
23:38:43: Loading index gems name.
23:38:43: Loading index gems author.
Loaded picky with environment 'development' in /Users/admin/temp/rubygems_picky on Ruby 1.9.2.
Application PickySearch loaded.
23:47:36: Loading index gems name.
23:47:37: Loading index gems author.
Loaded picky with environment 'development' in /Users/admin/temp/rubygems_picky on Ruby 1.9.2.
Application PickySearch loaded.
23:58:30: Loading index gems name.
23:58:31: Loading index gems author.
Loaded picky with environment 'development' in /Users/admin/temp/rubygems_picky/server on Ruby 1.9.2.
Application PickySearch loaded.
07:44:43: Loading index gems name.
07:44:44: Loading index gems author.
Loaded picky with environment 'development' in /Users/admin/temp/rubygems_picky/server on Ruby 1.9.2.
Application PickySearch loaded.
07:47:54: Loading index gems name.
07:47:55: Loading index gems author.
Loaded picky with environment 'development' in /Users/admin/temp/rubygems_picky/server on Ruby 1.9.2.
Application PickySearch loaded.
07:48:19: Loading index gems name.
07:48:20: Loading index gems author.
Loaded picky with environment 'development' in /Users/admin/temp/rubygems_picky/server on Ruby 1.9.2.
Application PickySearch loaded.
07:56:47: Loading index gems name.
07:56:48: Loading index gems author.
